business/user/impl/build/intermediates/manifest_merge_blame_file/debug/manifest-merger-blame-debug-report.txt
1<?xml version="1.0" encoding="utf-8"?>
2<manifest xmlns:android="http://schemas.android.com/apk/res/android"
3    package="com.user" >
4
5    <uses-sdk android:minSdkVersion="24" />
5-->src/main/AndroidManifest.xml
6
7    <application>
7-->src/main/AndroidManifest.xml:3:5-6:19
8        <activity
8-->src/main/AndroidManifest.xml:4:9-75
9            android:name="com.user.LoginActivity"
9-->src/main/AndroidManifest.xml:4:19-48
10            android:exported="false" />
10-->src/main/AndroidManifest.xml:4:49-73
11        <activity
11-->src/main/AndroidManifest.xml:5:9-77
12            android:name="com.user.ProfileActivity"
12-->src/main/AndroidManifest.xml:5:19-50
13            android:exported="false" />
13-->src/main/AndroidManifest.xml:5:51-75
14    </application>
15
16</manifest>